INFO:root:--dataset_path=/datasets/coco/intermediate/coco_mp_keypoints_fullfeature_gk3th3_train.record-00000-of-00001,/datasets/coco/intermediate/coco_mp_keypoints_rot90fullfeature_gk3th3_train.record-00000-of-00001 \
--validationset_path=/datasets/coco/intermediate/coco_mp_keypoints_fullfeature_gk3th3_val.record-00000-of-00001,/datasets/coco/intermediate/coco_mp_keypoints_rot90fullfeature_gk3th3_val.record-00000-of-00001 \
--output_model_path=../models/MPPE_MOBILENET_THIN_MSE_COCO_368_432_v16 \
--pretrained_model_path=../models/MPPE_MOBILENET_THIN_1.0_MSE_COCO_368_432_v11/model.ckpt-158000 \
--model_type=MobilePifPaf \
--backbone=mobilenet_thin \
--loss_fn=MSE \
--layer_depth_multiplier=1.0 \
--number_keypoints=17 \
--batch_size=16 \
--pretrained_model=True \
--data_augmentation=False \
--optimizer=Adam \
--learning_rate=0.001 \
--decay_steps=200000 \
--decay_factor=0.1 \
--training_steps=1000000 \
--validation_interval=1000 \
--validation_batch_size=128 \
--ohem_top_k=8 

WARNING:tensorflow:From train.py:523: tf_record_iterator (from tensorflow.python.lib.io.tf_record) is deprecated and will be removed in a future version.
Instructions for updating:
Use eager execution and: 
`tf.data.TFRecordDataset(path)`
INFO:root:--dataset_path=/datasets/coco/intermediate/coco_mp_keypoints_fullfeature_gk3th3_train.record-00000-of-00001,/datasets/coco/intermediate/coco_mp_keypoints_rot90fullfeature_gk3th3_train.record-00000-of-00001 \
--validationset_path=/datasets/coco/intermediate/coco_mp_keypoints_fullfeature_gk3th3_val.record-00000-of-00001 \
--output_model_path=../models/MPPE_MOBILENET_THIN_MSE_COCO_368_432_v16 \
--pretrained_model_path=../models/MPPE_MOBILENET_THIN_1.0_MSE_COCO_368_432_v11/model.ckpt-158000 \
--model_type=MobilePifPaf \
--backbone=mobilenet_thin \
--loss_fn=MSE \
--layer_depth_multiplier=1.0 \
--number_keypoints=17 \
--batch_size=16 \
--pretrained_model=True \
--data_augmentation=False \
--optimizer=Adam \
--learning_rate=0.001 \
--decay_steps=200000 \
--decay_factor=0.1 \
--training_steps=1000000 \
--validation_interval=1000 \
--validation_batch_size=128 \
--ohem_top_k=8 

WARNING:tensorflow:From train.py:523: tf_record_iterator (from tensorflow.python.lib.io.tf_record) is deprecated and will be removed in a future version.
Instructions for updating:
Use eager execution and: 
`tf.data.TFRecordDataset(path)`
INFO:root:
 validation data number: 2346 

WARNING:tensorflow:From /usr/local/lib/python3.6/dist-packages/tensorflow/python/framework/op_def_library.py:263: colocate_with (from tensorflow.python.framework.ops) is deprecated and will be removed in a future version.
Instructions for updating:
Colocations handled automatically by placer.
INFO:tensorflow:Using config: {'_model_dir': '../models/MPPE_MOBILENET_THIN_MSE_COCO_368_432_v16', '_tf_random_seed': None, '_save_summary_steps': 1000, '_save_checkpoints_steps': 1000, '_save_checkpoints_secs': None, '_session_config': gpu_options {
  allow_growth: true
}
, '_keep_checkpoint_max': 1000, '_keep_checkpoint_every_n_hours': 10000, '_log_step_count_steps': 1000, '_train_distribute': None, '_device_fn': None, '_protocol': None, '_eval_distribute': None, '_experimental_distribute': None, '_service': None, '_cluster_spec': <tensorflow.python.training.server_lib.ClusterSpec object at 0x7f34eac73160>, '_task_type': 'worker', '_task_id': 0, '_global_id_in_cluster': 0, '_master': '', '_evaluation_master': '', '_is_chief': True, '_num_ps_replicas': 0, '_num_worker_replicas': 1}
INFO:tensorflow:Calling model_fn.
WARNING:tensorflow:From /usr/local/lib/python3.6/dist-packages/tensorflow/python/ops/losses/losses_impl.py:667: to_float (from tensorflow.python.ops.math_ops) is deprecated and will be removed in a future version.
Instructions for updating:
Use tf.cast instead.
INFO:tensorflow:Done calling model_fn.
INFO:tensorflow:Create CheckpointSaverHook.
INFO:tensorflow:Graph was finalized.
WARNING:tensorflow:From /usr/local/lib/python3.6/dist-packages/tensorflow/python/training/saver.py:1266: checkpoint_exists (from tensorflow.python.training.checkpoint_management) is deprecated and will be removed in a future version.
Instructions for updating:
Use standard file APIs to check for files with this prefix.
INFO:tensorflow:Restoring parameters from ../models/MPPE_MOBILENET_THIN_1.0_MSE_COCO_368_432_v11/model.ckpt-158000
INFO:tensorflow:Running local_init_op.
INFO:tensorflow:Done running local_init_op.
INFO:tensorflow:Saving checkpoints for 0 into ../models/MPPE_MOBILENET_THIN_MSE_COCO_368_432_v16/model.ckpt.
INFO:tensorflow:Calling model_fn.
INFO:tensorflow:Done calling model_fn.
INFO:tensorflow:Starting evaluation at 2020-06-11T03:41:27Z
INFO:tensorflow:Graph was finalized.
INFO:tensorflow:Restoring parameters from ../models/MPPE_MOBILENET_THIN_MSE_COCO_368_432_v16/model.ckpt-0
INFO:tensorflow:Running local_init_op.
INFO:tensorflow:Done running local_init_op.
INFO:tensorflow:Evaluation [1/19]
INFO:tensorflow:Batch Size = 128, Eval_hm_Loss = 0.0026503936, Eval_paf_loss = 0.00849812, Evaluation Loss = 0.011148514, Global Steps = 0, Learning Rate = 0.001
INFO:tensorflow:Evaluation [2/19]
INFO:tensorflow:Batch Size = 128, Eval_hm_Loss = 0.0032968514, Eval_paf_loss = 0.009755224, Evaluation Loss = 0.012100294, Global Steps = 0, Learning Rate = 0.001 (0.468 sec)
INFO:tensorflow:Evaluation [3/19]
INFO:tensorflow:Batch Size = 128, Eval_hm_Loss = 0.0034889542, Eval_paf_loss = 0.00929856, Evaluation Loss = 0.012329367, Global Steps = 0, Learning Rate = 0.001 (1.085 sec)
INFO:tensorflow:Evaluation [4/19]
INFO:tensorflow:Batch Size = 128, Eval_hm_Loss = 0.0027929677, Eval_paf_loss = 0.007869251, Evaluation Loss = 0.011912581, Global Steps = 0, Learning Rate = 0.001 (2.578 sec)
INFO:tensorflow:Evaluation [5/19]
INFO:tensorflow:Batch Size = 128, Eval_hm_Loss = 0.0034433631, Eval_paf_loss = 0.0093299365, Evaluation Loss = 0.012084724, Global Steps = 0, Learning Rate = 0.001 (2.571 sec)
INFO:tensorflow:Evaluation [6/19]
INFO:tensorflow:Batch Size = 128, Eval_hm_Loss = 0.002228422, Eval_paf_loss = 0.007881896, Evaluation Loss = 0.011755656, Global Steps = 0, Learning Rate = 0.001 (2.508 sec)
INFO:tensorflow:Evaluation [7/19]
INFO:tensorflow:Batch Size = 128, Eval_hm_Loss = 0.0043145292, Eval_paf_loss = 0.011670304, Evaluation Loss = 0.012359825, Global Steps = 0, Learning Rate = 0.001 (2.485 sec)
INFO:tensorflow:Evaluation [8/19]
INFO:tensorflow:Batch Size = 128, Eval_hm_Loss = 0.0023879411, Eval_paf_loss = 0.0076275053, Evaluation Loss = 0.012066778, Global Steps = 0, Learning Rate = 0.001 (2.826 sec)
INFO:tensorflow:Evaluation [9/19]
INFO:tensorflow:Batch Size = 128, Eval_hm_Loss = 0.0035483448, Eval_paf_loss = 0.010362435, Evaluation Loss = 0.012271667, Global Steps = 0, Learning Rate = 0.001 (2.509 sec)
INFO:tensorflow:Evaluation [10/19]
INFO:tensorflow:Batch Size = 128, Eval_hm_Loss = 0.0024729986, Eval_paf_loss = 0.008003297, Evaluation Loss = 0.01209213, Global Steps = 0, Learning Rate = 0.001 (2.449 sec)
INFO:tensorflow:Evaluation [11/19]
INFO:tensorflow:Batch Size = 128, Eval_hm_Loss = 0.0021408284, Eval_paf_loss = 0.006676069, Evaluation Loss = 0.011794382, Global Steps = 0, Learning Rate = 0.001 (2.534 sec)
INFO:tensorflow:Evaluation [12/19]
INFO:tensorflow:Batch Size = 128, Eval_hm_Loss = 0.002775398, Eval_paf_loss = 0.008843545, Evaluation Loss = 0.011779762, Global Steps = 0, Learning Rate = 0.001 (2.412 sec)
INFO:tensorflow:Evaluation [13/19]
INFO:tensorflow:Batch Size = 128, Eval_hm_Loss = 0.0022522658, Eval_paf_loss = 0.007871635, Evaluation Loss = 0.011652387, Global Steps = 0, Learning Rate = 0.001 (2.451 sec)
INFO:tensorflow:Evaluation [14/19]
INFO:tensorflow:Batch Size = 128, Eval_hm_Loss = 0.002140339, Eval_paf_loss = 0.0072426186, Evaluation Loss = 0.011490285, Global Steps = 0, Learning Rate = 0.001 (2.447 sec)
INFO:tensorflow:Evaluation [15/19]
INFO:tensorflow:Batch Size = 128, Eval_hm_Loss = 0.003900764, Eval_paf_loss = 0.011529196, Evaluation Loss = 0.0117529305, Global Steps = 0, Learning Rate = 0.001 (2.373 sec)
INFO:tensorflow:Evaluation [16/19]
INFO:tensorflow:Batch Size = 128, Eval_hm_Loss = 0.0026475, Eval_paf_loss = 0.008747655, Evaluation Loss = 0.011730569, Global Steps = 0, Learning Rate = 0.001 (2.377 sec)
INFO:tensorflow:Evaluation [17/19]
INFO:tensorflow:Batch Size = 128, Eval_hm_Loss = 0.004291805, Eval_paf_loss = 0.01234357, Evaluation Loss = 0.012019088, Global Steps = 0, Learning Rate = 0.001 (2.482 sec)
INFO:tensorflow:Evaluation [18/19]
INFO:tensorflow:Batch Size = 128, Eval_hm_Loss = 0.002667239, Eval_paf_loss = 0.0094653, Evaluation Loss = 0.01202539, Global Steps = 0, Learning Rate = 0.001 (2.577 sec)
INFO:tensorflow:Evaluation [19/19]
INFO:tensorflow:Batch Size = 42, Eval_hm_Loss = 0.003901497, Eval_paf_loss = 0.011692821, Evaluation Loss = 0.012213228, Global Steps = 0, Learning Rate = 0.001 (1.485 sec)
INFO:tensorflow:Finished evaluation at 2020-06-11-03:42:25
INFO:tensorflow:Saving dict for global step 0: global_step = 0, loss = 0.012213228
INFO:tensorflow:Saving 'checkpoint_path' summary for global step 0: ../models/MPPE_MOBILENET_THIN_MSE_COCO_368_432_v16/model.ckpt-0
