INFO:root:--dataset_path=/datasets/t3/data/coco/intermediate/coco_mp_keypoints_outsize4_gk2th2_train.record-00000-of-00001,/datasets/t3/data/coco/intermediate/coco_mp_keypoints_rot90_outsize4_gk2th2_train.record-00000-of-00001,/datasets/t3/data/coco/intermediate/coco_mp_keypoints_rot180_outsize4_gk2th2_train.record-00000-of-00001,/datasets/t3/data/coco/intermediate/coco_mp_keypoints_rot270_outsize4_gk2th2_train.record-00000-of-00001,/datasets/t3/data/coco/intermediate/coco_mp_keypoints_flip_outsize4_gk2th2_train.record-00000-of-00001 \
--validationset_path=/datasets/t3/data/coco/intermediate/coco_mp_keypoints_outsize4_gk2th2_val.record-00000-of-00001 \
--output_model_path=../models/MPPE_F1_FPN_MOBILENET_THIN_0.75_MSE_COCO_368_432_v1 \
--pretrained_model_path=../models/pretrained/mobilenet_v1_0.75_224_2017_06_14/mobilenet_v1_0.75_224.ckpt \
--model_type=MobilePaf_ou4 \
--backbone=mobilenet_thin_FPN \
--loss_fn=MSE \
--layer_depth_multiplier=0.75 \
--number_keypoints=17 \
--batch_size=8 \
--pretrained_model=True \
--data_augmentation=False \
--optimizer=Adam \
--learning_rate=0.001 \
--decay_steps=10000000 \
--decay_factor=0.1 \
--training_steps=1800000 \
--validation_interval=1000 \
--validation_batch_size=64 \
--ohem_top_k=8 

WARNING:tensorflow:From train.py:519: tf_record_iterator (from tensorflow.python.lib.io.tf_record) is deprecated and will be removed in a future version.
Instructions for updating:
Use eager execution and: 
`tf.data.TFRecordDataset(path)`
INFO:root:
 validation data number: 2346 

WARNING:tensorflow:From /usr/local/lib/python3.6/dist-packages/tensorflow/python/framework/op_def_library.py:263: colocate_with (from tensorflow.python.framework.ops) is deprecated and will be removed in a future version.
Instructions for updating:
Colocations handled automatically by placer.
INFO:tensorflow:Using config: {'_model_dir': '../models/MPPE_F1_FPN_MOBILENET_THIN_0.75_MSE_COCO_368_432_v1', '_tf_random_seed': None, '_save_summary_steps': 1000, '_save_checkpoints_steps': 1000, '_save_checkpoints_secs': None, '_session_config': gpu_options {
  allow_growth: true
}
, '_keep_checkpoint_max': 1000, '_keep_checkpoint_every_n_hours': 10000, '_log_step_count_steps': 1000, '_train_distribute': None, '_device_fn': None, '_protocol': None, '_eval_distribute': None, '_experimental_distribute': None, '_service': None, '_cluster_spec': <tensorflow.python.training.server_lib.ClusterSpec object at 0x7f3b18f4cbe0>, '_task_type': 'worker', '_task_id': 0, '_global_id_in_cluster': 0, '_master': '', '_evaluation_master': '', '_is_chief': True, '_num_ps_replicas': 0, '_num_worker_replicas': 1}
INFO:tensorflow:Calling model_fn.
WARNING:tensorflow:From /workspace/multi_person_pose_estimation/script/mobilepaf_out4.py:162: conv2d (from tensorflow.python.layers.convolutional) is deprecated and will be removed in a future version.
Instructions for updating:
Use keras.layers.conv2d instead.
WARNING:tensorflow:From /workspace/multi_person_pose_estimation/script/mobilepaf_out4.py:74: separable_conv2d (from tensorflow.python.layers.convolutional) is deprecated and will be removed in a future version.
Instructions for updating:
Use keras.layers.separable_conv2d instead.
WARNING:tensorflow:From /workspace/multi_person_pose_estimation/script/mobilepaf_out4.py:77: batch_normalization (from tensorflow.python.layers.normalization) is deprecated and will be removed in a future version.
Instructions for updating:
Use keras.layers.batch_normalization instead.
WARNING:tensorflow:From /usr/local/lib/python3.6/dist-packages/tensorflow/python/ops/losses/losses_impl.py:667: to_float (from tensorflow.python.ops.math_ops) is deprecated and will be removed in a future version.
Instructions for updating:
Use tf.cast instead.
INFO:tensorflow:Done calling model_fn.
INFO:tensorflow:Create CheckpointSaverHook.
INFO:tensorflow:Graph was finalized.
WARNING:tensorflow:From /usr/local/lib/python3.6/dist-packages/tensorflow/python/training/saver.py:1266: checkpoint_exists (from tensorflow.python.training.checkpoint_management) is deprecated and will be removed in a future version.
Instructions for updating:
Use standard file APIs to check for files with this prefix.
INFO:tensorflow:Restoring parameters from ../models/pretrained/mobilenet_v1_0.75_224_2017_06_14/mobilenet_v1_0.75_224.ckpt
INFO:tensorflow:Running local_init_op.
INFO:tensorflow:Done running local_init_op.
INFO:tensorflow:Saving checkpoints for 0 into ../models/MPPE_F1_FPN_MOBILENET_THIN_0.75_MSE_COCO_368_432_v1/model.ckpt.
INFO:tensorflow:Calling model_fn.
INFO:tensorflow:Done calling model_fn.
INFO:tensorflow:Starting evaluation at 2020-08-07T19:46:35Z
INFO:tensorflow:Graph was finalized.
INFO:tensorflow:Restoring parameters from ../models/MPPE_F1_FPN_MOBILENET_THIN_0.75_MSE_COCO_368_432_v1/model.ckpt-0
INFO:tensorflow:Running local_init_op.
INFO:tensorflow:Done running local_init_op.
INFO:tensorflow:Batch Size = 64, Eval_hm_Loss = 23976.56, Eval_paf_loss = 212730.78, Evaluation Loss = 236707.34, Global Steps = 0, Learning Rate = 0.001
INFO:tensorflow:Batch Size = 64, Eval_hm_Loss = 24096.525, Eval_paf_loss = 212963.88, Evaluation Loss = 236883.88, Global Steps = 0, Learning Rate = 0.001 (2.113 sec)
INFO:tensorflow:Evaluation [3/37]
INFO:tensorflow:Batch Size = 64, Eval_hm_Loss = 23191.367, Eval_paf_loss = 209442.44, Evaluation Loss = 235467.19, Global Steps = 0, Learning Rate = 0.001 (5.368 sec)
INFO:tensorflow:Batch Size = 64, Eval_hm_Loss = 23330.785, Eval_paf_loss = 209685.2, Evaluation Loss = 234854.39, Global Steps = 0, Learning Rate = 0.001 (5.400 sec)
INFO:tensorflow:Batch Size = 64, Eval_hm_Loss = 22879.137, Eval_paf_loss = 207179.67, Evaluation Loss = 233895.28, Global Steps = 0, Learning Rate = 0.001 (5.242 sec)
INFO:tensorflow:Evaluation [6/37]
INFO:tensorflow:Batch Size = 64, Eval_hm_Loss = 23485.342, Eval_paf_loss = 210425.56, Evaluation Loss = 233897.88, Global Steps = 0, Learning Rate = 0.001 (5.522 sec)
INFO:tensorflow:Batch Size = 64, Eval_hm_Loss = 23667.291, Eval_paf_loss = 211487.36, Evaluation Loss = 234077.4, Global Steps = 0, Learning Rate = 0.001 (5.032 sec)
INFO:tensorflow:Batch Size = 64, Eval_hm_Loss = 23437.723, Eval_paf_loss = 209968.12, Evaluation Loss = 233993.47, Global Steps = 0, Learning Rate = 0.001 (5.235 sec)
INFO:tensorflow:Evaluation [9/37]
INFO:tensorflow:Batch Size = 64, Eval_hm_Loss = 23638.467, Eval_paf_loss = 212363.6, Evaluation Loss = 234216.64, Global Steps = 0, Learning Rate = 0.001 (5.137 sec)
INFO:tensorflow:Batch Size = 64, Eval_hm_Loss = 23481.88, Eval_paf_loss = 211169.5, Evaluation Loss = 234260.1, Global Steps = 0, Learning Rate = 0.001 (5.128 sec)
INFO:tensorflow:Batch Size = 64, Eval_hm_Loss = 22606.53, Eval_paf_loss = 206376.22, Evaluation Loss = 233780.34, Global Steps = 0, Learning Rate = 0.001 (5.420 sec)
INFO:tensorflow:Evaluation [12/37]
INFO:tensorflow:Batch Size = 64, Eval_hm_Loss = 23580.812, Eval_paf_loss = 212403.62, Evaluation Loss = 233964.02, Global Steps = 0, Learning Rate = 0.001 (5.228 sec)
